<?xml version="1.0" encoding="UTF-8"?>
<!-- Generated by org.testng.reporters.JUnitXMLReporter -->
<testsuite hostname="qainfotech-Latitude-3490" ignored="0" name="Test" tests="1" failures="1" timestamp="2020-09-02T11:14:10 IST" time="3.522" errors="0">
  <testcase name="base" time="2.981" classname="com.restAPI.test.BaseClass">
    <failure type="org.json.JSONException" message="A JSONObject text must begin with &amp;apos;{&amp;apos; at 1 [character 2 line 1]">
      <![CDATA[org.json.JSONException: A JSONObject text must begin with '{' at 1 [character 2 line 1]
at org.json.JSONTokener.syntaxError(JSONTokener.java:505)
at org.json.JSONObject.<init>(JSONObject.java:215)
at org.json.JSONObject.<init>(JSONObject.java:399)
at com.restAPI.actions.CreateEmployee.getCreatedEmployeeID(CreateEmployee.java:32)
at com.restAPI.test.BaseClass.base(BaseClass.java:24)
at java.util.ArrayList.forEach(ArrayList.java:1259)
... Removed 27 stack frames]]>
    </failure>
  </testcase> <!-- base -->
</testsuite> <!-- Test -->
