<?xml version="1.0" encoding="UTF-8"?>
<testng-results skipped="0" failed="0" ignored="0" total="1" passed="1">
  <reporter-output>
  </reporter-output>
  <suite name="Default suite" duration-ms="3358" started-at="2020-04-20T13:11:01 IST" finished-at="2020-04-20T13:11:05 IST">
    <groups>
    </groups>
    <test name="Default test" duration-ms="3358" started-at="2020-04-20T13:11:01 IST" finished-at="2020-04-20T13:11:05 IST">
      <class name="com.qait.actions.DeleteEmployee">
        <test-method status="PASS" signature="delete()[pri:0, instance:com.qait.actions.DeleteEmployee@536aaa8d]" name="delete" duration-ms="3287" started-at="2020-04-20T13:11:02 IST" finished-at="2020-04-20T13:11:05 IST">
          <reporter-output>
          </reporter-output>
        </test-method> <!-- delete -->
      </class> <!-- com.qait.actions.DeleteEmployee -->
    </test> <!-- Default test -->
  </suite> <!-- Default suite -->
</testng-results>
